<?xml version="1.0" encoding="UTF-8"?>
<!-- Generated by org.testng.reporters.JUnitReportReporter -->
<testsuite hostname="Shree-PC" failures="0" tests="8" name="testNGFlags.Flag4" time="0.083" errors="0" timestamp="2023-05-26T10:41:39 IST" skipped="0">
  <testcase classname="testNGFlags.Flag4" name="p" time="0.007"/>
  <system-out>
    <![CDATA[ p method]]>
  </system-out>
  <testcase classname="testNGFlags.Flag4" name="k" time="0.007"/>
  <system-out>
    <![CDATA[k  method]]>
  </system-out>
  <testcase classname="testNGFlags.Flag4" name="t" time="0.012"/>
  <system-out>
    <![CDATA[t method]]>
  </system-out>
  <testcase classname="testNGFlags.Flag4" name="m" time="0.007"/>
  <system-out>
    <![CDATA[m method]]>
  </system-out>
  <testcase classname="testNGFlags.Flag4" name="h" time="0.006"/>
  <system-out>
    <![CDATA[h method]]>
  </system-out>
  <testcase classname="testNGFlags.Flag4" name="f" time="0.027"/>
  <system-out>
    <![CDATA[f method]]>
  </system-out>
  <testcase classname="testNGFlags.Flag4" name="a" time="0.011"/>
  <system-out>
    <![CDATA[ a method]]>
  </system-out>
  <testcase classname="testNGFlags.Flag4" name="g" time="0.006"/>
  <system-out>
    <![CDATA[g method]]>
  </system-out>
</testsuite> <!-- testNGFlags.Flag4 -->
