<?xml version="1.0" encoding="UTF-8"?>
<!-- Generated by org.testng.reporters.JUnitReportReporter -->
<testsuite hostname="Shree-PC" failures="0" tests="15" name="testNGFlags.Flage7" time="0.172" errors="0" timestamp="2023-05-27T10:04:28 IST" skipped="0">
  <testcase classname="testNGFlags.Flage7" name="ft4" time="0.007"/>
  <system-out>
    <![CDATA[FTC4]]>
  </system-out>
  <testcase classname="testNGFlags.Flage7" name="s2" time="0.007"/>
  <system-out>
    <![CDATA[SMTC2]]>
  </system-out>
  <testcase classname="testNGFlags.Flage7" name="st4" time="0.004"/>
  <system-out>
    <![CDATA[STC3]]>
  </system-out>
  <testcase classname="testNGFlags.Flage7" name="it4" time="0.003"/>
  <system-out>
    <![CDATA[ITC4]]>
  </system-out>
  <testcase classname="testNGFlags.Flage7" name="st1" time="0.007"/>
  <system-out>
    <![CDATA[STC1]]>
  </system-out>
  <testcase classname="testNGFlags.Flage7" name="ft3" time="0.016"/>
  <system-out>
    <![CDATA[FTC3]]>
  </system-out>
  <testcase classname="testNGFlags.Flage7" name="it1" time="0.013"/>
  <system-out>
    <![CDATA[ITC1]]>
  </system-out>
  <testcase classname="testNGFlags.Flage7" name="ft1" time="0.022"/>
  <system-out>
    <![CDATA[FTC1]]>
  </system-out>
  <testcase classname="testNGFlags.Flage7" name="it5" time="0.003"/>
  <system-out>
    <![CDATA[ITC5]]>
  </system-out>
  <testcase classname="testNGFlags.Flage7" name="it3" time="0.009"/>
  <system-out>
    <![CDATA[IMTC3]]>
  </system-out>
  <testcase classname="testNGFlags.Flage7" name="St4" time="0.014"/>
  <system-out>
    <![CDATA[STC4]]>
  </system-out>
  <testcase classname="testNGFlags.Flage7" name="ft2" time="0.023"/>
  <system-out>
    <![CDATA[FTC2]]>
  </system-out>
  <testcase classname="testNGFlags.Flage7" name="it2" time="0.004"/>
  <system-out>
    <![CDATA[ITC2]]>
  </system-out>
  <testcase classname="testNGFlags.Flage7" name="St3" time="0.036"/>
  <system-out>
    <![CDATA[STC3]]>
  </system-out>
  <testcase classname="testNGFlags.Flage7" name="ft5" time="0.004"/>
  <system-out>
    <![CDATA[FTC5]]>
  </system-out>
</testsuite> <!-- testNGFlags.Flage7 -->
