<?xml version="1.0" encoding="UTF-8"?>
<!-- Generated by org.testng.reporters.JUnitReportReporter -->
<testsuite hostname="Shree-PC" failures="0" tests="3" name="testNGFlags.Flag5" time="0.028" errors="0" timestamp="2023-05-26T11:06:02 IST" skipped="0">
  <testcase classname="testNGFlags.Flag5" name="method3" time="0.004"/>
  <system-out>
    <![CDATA[Logout User!!]]>
  </system-out>
  <testcase classname="testNGFlags.Flag5" name="method1" time="0.021"/>
  <system-out>
    <![CDATA[Login performed!!]]>
  </system-out>
  <testcase classname="testNGFlags.Flag5" name="method2" time="0.003"/>
  <system-out>
    <![CDATA[user created!!]]>
  </system-out>
</testsuite> <!-- testNGFlags.Flag5 -->
