<?xml version="1.0" encoding="UTF-8"?>
<!-- Generated by org.testng.reporters.JUnitReportReporter -->
<testsuite hostname="Shree-PC" failures="0" tests="2" name="testNG2.MethodExecution" time="0.042" errors="0" timestamp="2023-05-24T18:14:28 IST" skipped="0">
  <testcase classname="testNG2.MethodExecution" name="method1" time="0.038"/>
  <system-out>
    <![CDATA[1:is the thread id of method
method1]]>
  </system-out>
  <testcase classname="testNG2.MethodExecution" name="method2" time="0.004"/>
  <system-out>
    <![CDATA[1:is the thread id of method
method2]]>
  </system-out>
</testsuite> <!-- testNG2.MethodExecution -->
