<?xml version="1.0" encoding="UTF-8"?>
<!-- Generated by org.testng.reporters.JUnitReportReporter -->
<testsuite hostname="Shree-PC" failures="0" tests="1" name="testNG.Demo1" time="0.033" errors="0" timestamp="2023-05-25T09:41:13 IST" skipped="0">
  <testcase classname="testNG.Demo1" name="Demo1method" time="0.033"/>
  <system-out>
    <![CDATA[hii TestNG!!!]]>
  </system-out>
</testsuite> <!-- testNG.Demo1 -->
