<?xml version="1.0" encoding="UTF-8"?>
<!-- Generated by org.testng.reporters.JUnitReportReporter -->
<testsuite hostname="Shree-PC" failures="0" tests="2" name="testNGannotations.Annotations" time="0.031" errors="0" timestamp="2023-05-24T18:16:05 IST" skipped="0">
  <testcase classname="testNGannotations.Annotations" name="testMethod" time="0.012"/>
  <system-out>
    <![CDATA[ test Annotation]]>
  </system-out>
  <testcase classname="testNGannotations.Annotations" name="f" time="0.019"/>
  <system-out/>
</testsuite> <!-- testNGannotations.Annotations -->
