<?xml version="1.0" encoding="UTF-8"?>
<!-- Generated by org.testng.reporters.JUnitReportReporter -->
<testsuite hostname="Shree-PC" failures="0" tests="4" name="testNGFlags.Flag3" time="0.039" errors="0" timestamp="2023-05-27T09:45:31 IST" skipped="0">
  <testcase classname="testNGFlags.Flag3" name="method1" time="0.008"/>
  <system-out>
    <![CDATA[Login Test Case!!]]>
  </system-out>
  <testcase classname="testNGFlags.Flag3" name="method1" time="0.010"/>
  <system-out>
    <![CDATA[Login Test Case!!]]>
  </system-out>
  <testcase classname="testNGFlags.Flag3" name="method1" time="0.004"/>
  <system-out>
    <![CDATA[Login Test Case!!]]>
  </system-out>
  <testcase classname="testNGFlags.Flag3" name="method1" time="0.017"/>
  <system-out>
    <![CDATA[Login Test Case!!]]>
  </system-out>
</testsuite> <!-- testNGFlags.Flag3 -->
