<?xml version="1.0" encoding="UTF-8"?>
<!-- Generated by org.testng.reporters.JUnitReportReporter -->
<testsuite hostname="Shree-PC" failures="0" tests="1" name="testNG.Repo" time="0.024" errors="0" timestamp="2023-05-25T09:41:56 IST" skipped="0">
  <testcase classname="testNG.Repo" name="Repomethod" time="0.024"/>
  <system-out>
    <![CDATA[hii TestNG]]>
  </system-out>
</testsuite> <!-- testNG.Repo -->
